Created by PLY version 3.11 (http://www.dabeaz.com/ply)

Unused terminals:

    DIV
    ID
    LPAREN
    MINUS
    MUL
    NUM
    PLUS
    PRINT
    RPAREN

Grammar

Rule 0     S' -> expression
Rule 1     expression -> NUMBER

Terminals, with rules where they appear

DIV                  : 
ID                   : 
LPAREN               : 
MINUS                : 
MUL                  : 
NUM                  : 
PLUS                 : 
PRINT                : 
RPAREN               : 
error                : 

Nonterminals, with rules where they appear

NUMBER               : 1
expression           : 0

